<?xml version="1.0" encoding="UTF-8"?>
<!-- Generated by org.testng.reporters.JUnitReportReporter -->
<testsuite skipped="0" hostname="LAPTOP-K04NHICS" name="testPackageA.demo2" tests="1" failures="0" timestamp="15 Apr 2019 10:29:57 GMT" time="0.005" errors="0">
  <testcase name="gopi" time="0.005" classname="testPackageA.demo2"/>
</testsuite> <!-- testPackageA.demo2 -->
