<?xml version="1.0" encoding="UTF-8"?>
<!-- Generated by org.testng.reporters.JUnitReportReporter -->
<testsuite skipped="0" hostname="LAPTOP-K04NHICS" name="testPackage.demoClass" tests="1" failures="0" timestamp="15 Apr 2019 10:29:56 GMT" time="0.013" errors="0">
  <testcase name="gopi" time="0.013" classname="testPackage.demoClass"/>
</testsuite> <!-- testPackage.demoClass -->
